# JRE version: OpenJDK Runtime Environment (11.0.3+7) (build 11.0.3+7)
# Java VM: OpenJDK 64-Bit Server VM (11.0.3+7, mixed mode, tiered, compressed oops, g1 gc, windows-amd64)
Heap:
 garbage-first heap   total 172032K, used 129875K [0x00000000a0e00000, 0x0000000100000000)
  region size 1024K, 53 young (54272K), 0 survivors (0K)
 Metaspace       used 50745K, capacity 58039K, committed 58140K, reserved 1095680K
  class space    used 8706K, capacity 11057K, committed 11136K, reserved 1048576K
GC Heap History (10 events):
Event: 15.041 GC heap after
{Heap after GC invocations=36 (full 0):
 garbage-first heap   total 143360K, used 64979K [0x00000000a0e00000, 0x0000000100000000)
  region size 1024K, 5 young (5120K), 5 survivors (5120K)
 Metaspace       used 46250K, capacity 53070K, committed 53404K, reserved 1091584K
  class space    used 8392K, capacity 10635K, committed 10752K, reserved 1048576K
}
Event: 15.257 GC heap before
{Heap before GC invocations=36 (full 0):
 garbage-first heap   total 143360K, used 107987K [0x00000000a0e00000, 0x0000000100000000)
  region size 1024K, 47 young (48128K), 5 survivors (5120K)
 Metaspace       used 46320K, capacity 53267K, committed 53404K, reserved 1091584K
  class space    used 8402K, capacity 10680K, committed 10752K, reserved 1048576K
}
Event: 15.260 GC heap after
{Heap after GC invocations=37 (full 0):
 garbage-first heap   total 172032K, used 66345K [0x00000000a0e00000, 0x0000000100000000)
  region size 1024K, 6 young (6144K), 6 survivors (6144K)
 Metaspace       used 46320K, capacity 53267K, committed 53404K, reserved 1091584K
  class space    used 8402K, capacity 10680K, committed 10752K, reserved 1048576K
}
Event: 15.651 GC heap before
{Heap before GC invocations=37 (full 0):
 garbage-first heap   total 172032K, used 122665K [0x00000000a0e00000, 0x0000000100000000)
  region size 1024K, 61 young (62464K), 6 survivors (6144K)
 Metaspace       used 46364K, capacity 53269K, committed 53404K, reserved 1091584K
  class space    used 8402K, capacity 10680K, committed 10752K, reserved 1048576K
}
Event: 15.655 GC heap after
{Heap after GC invocations=38 (full 0):
 garbage-first heap   total 172032K, used 69632K [0x00000000a0e00000, 0x0000000100000000)
  region size 1024K, 8 young (8192K), 8 survivors (8192K)
 Metaspace       used 46364K, capacity 53269K, committed 53404K, reserved 1091584K
  class space    used 8402K, capacity 10680K, committed 10752K, reserved 1048576K
}
Event: 16.028 GC heap before
{Heap before GC invocations=38 (full 0):
 garbage-first heap   total 172032K, used 123904K [0x00000000a0e00000, 0x0000000100000000)
  region size 1024K, 62 young (63488K), 8 survivors (8192K)
 Metaspace       used 46394K, capacity 53270K, committed 53404K, reserved 1091584K
  class space    used 8402K, capacity 10680K, committed 10752K, reserved 1048576K
}
Event: 16.032 GC heap after
{Heap after GC invocations=39 (full 0):
 garbage-first heap   total 172032K, used 71710K [0x00000000a0e00000, 0x0000000100000000)
  region size 1024K, 8 young (8192K), 8 survivors (8192K)
 Metaspace       used 46394K, capacity 53270K, committed 53404K, reserved 1091584K
  class space    used 8402K, capacity 10680K, committed 10752K, reserved 1048576K
}
Event: 23.914 GC heap before
{Heap before GC invocations=39 (full 0):
 garbage-first heap   total 172032K, used 129054K [0x00000000a0e00000, 0x0000000100000000)
  region size 1024K, 55 young (56320K), 8 survivors (8192K)
 Metaspace       used 47653K, capacity 54961K, committed 55196K, reserved 1093632K
  class space    used 8573K, capacity 10938K, committed 11008K, reserved 1048576K
}
Event: 23.919 GC heap after
{Heap after GC invocations=40 (full 0):
 garbage-first heap   total 172032K, used 73555K [0x00000000a0e00000, 0x0000000100000000)
  region size 1024K, 3 young (3072K), 3 survivors (3072K)
 Metaspace       used 47653K, capacity 54961K, committed 55196K, reserved 1093632K
  class space    used 8573K, capacity 10938K, committed 11008K, reserved 1048576K
}
Event: 40.841 GC heap before
{Heap before GC invocations=41 (full 0):
 garbage-first heap   total 172032K, used 128851K [0x00000000a0e00000, 0x0000000100000000)
  region size 1024K, 56 young (57344K), 3 survivors (3072K)
 Metaspace       used 50745K, capacity 58039K, committed 58140K, reserved 1095680K
  class space    used 8706K, capacity 11057K, committed 11136K, reserved 1048576K
}

