# JRE version: OpenJDK Runtime Environment (11.0.3+7) (build 11.0.3+7)
# Java VM: OpenJDK 64-Bit Server VM (11.0.3+7, mixed mode, tiered, compressed oops, g1 gc, windows-amd64)
Heap:
 garbage-first heap   total 118784K, used 82523K [0x00000000a0e00000, 0x0000000100000000)
  region size 1024K, 27 young (27648K), 1 survivors (1024K)
 Metaspace       used 54243K, capacity 64255K, committed 64636K, reserved 1101824K
  class space    used 9712K, capacity 12633K, committed 12748K, reserved 1048576K
GC Heap History (10 events):
Event: 656.092 GC heap before
{Heap before GC invocations=61 (full 0):
 garbage-first heap   total 118784K, used 99624K [0x00000000a0e00000, 0x0000000100000000)
  region size 1024K, 43 young (44032K), 1 survivors (1024K)
 Metaspace       used 51230K, capacity 60869K, committed 60924K, reserved 1097728K
  class space    used 9517K, capacity 12359K, committed 12364K, reserved 1048576K
}
Event: 656.093 GC heap after
{Heap after GC invocations=62 (full 0):
 garbage-first heap   total 118784K, used 56646K [0x00000000a0e00000, 0x0000000100000000)
  region size 1024K, 1 young (1024K), 1 survivors (1024K)
 Metaspace       used 51230K, capacity 60869K, committed 60924K, reserved 1097728K
  class space    used 9517K, capacity 12359K, committed 12364K, reserved 1048576K
}
Event: 772.586 GC heap before
{Heap before GC invocations=62 (full 0):
 garbage-first heap   total 118784K, used 99654K [0x00000000a0e00000, 0x0000000100000000)
  region size 1024K, 43 young (44032K), 1 survivors (1024K)
 Metaspace       used 51277K, capacity 61061K, committed 61180K, reserved 1097728K
  class space    used 9517K, capacity 12359K, committed 12364K, reserved 1048576K
}
Event: 772.588 GC heap after
{Heap after GC invocations=63 (full 0):
 garbage-first heap   total 118784K, used 56648K [0x00000000a0e00000, 0x0000000100000000)
  region size 1024K, 1 young (1024K), 1 survivors (1024K)
 Metaspace       used 51277K, capacity 61061K, committed 61180K, reserved 1097728K
  class space    used 9517K, capacity 12359K, committed 12364K, reserved 1048576K
}
Event: 824.813 GC heap before
{Heap before GC invocations=64 (full 0):
 garbage-first heap   total 118784K, used 100680K [0x00000000a0e00000, 0x0000000100000000)
  region size 1024K, 44 young (45056K), 1 survivors (1024K)
 Metaspace       used 51285K, capacity 61061K, committed 61180K, reserved 1097728K
  class space    used 9517K, capacity 12359K, committed 12364K, reserved 1048576K
}
Event: 824.814 GC heap after
{Heap after GC invocations=65 (full 0):
 garbage-first heap   total 118784K, used 56662K [0x00000000a0e00000, 0x0000000100000000)
  region size 1024K, 1 young (1024K), 1 survivors (1024K)
 Metaspace       used 51285K, capacity 61061K, committed 61180K, reserved 1097728K
  class space    used 9517K, capacity 12359K, committed 12364K, reserved 1048576K
}
Event: 859.402 GC heap before
{Heap before GC invocations=65 (full 0):
 garbage-first heap   total 118784K, used 100694K [0x00000000a0e00000, 0x0000000100000000)
  region size 1024K, 44 young (45056K), 1 survivors (1024K)
 Metaspace       used 51489K, capacity 61373K, committed 61564K, reserved 1097728K
  class space    used 9582K, capacity 12479K, committed 12492K, reserved 1048576K
}
Event: 859.404 GC heap after
{Heap after GC invocations=66 (full 0):
 garbage-first heap   total 118784K, used 56799K [0x00000000a0e00000, 0x0000000100000000)
  region size 1024K, 1 young (1024K), 1 survivors (1024K)
 Metaspace       used 51489K, capacity 61373K, committed 61564K, reserved 1097728K
  class space    used 9582K, capacity 12479K, committed 12492K, reserved 1048576K
}
Event: 952.761 GC heap before
{Heap before GC invocations=67 (full 0):
 garbage-first heap   total 118784K, used 100831K [0x00000000a0e00000, 0x0000000100000000)
  region size 1024K, 44 young (45056K), 1 survivors (1024K)
 Metaspace       used 51547K, capacity 61479K, committed 61564K, reserved 1097728K
  class space    used 9590K, capacity 12489K, committed 12492K, reserved 1048576K
}
Event: 952.763 GC heap after
{Heap after GC invocations=68 (full 0):
 garbage-first heap   total 118784K, used 56923K [0x00000000a0e00000, 0x0000000100000000)
  region size 1024K, 1 young (1024K), 1 survivors (1024K)
 Metaspace       used 51547K, capacity 61479K, committed 61564K, reserved 1097728K
  class space    used 9590K, capacity 12489K, committed 12492K, reserved 1048576K
}

